[2024-03-08 02:48:17Z INFO HostContext] No proxy settings were found based on environmental variables (http_proxy/https_proxy/HTTP_PROXY/HTTPS_PROXY)
[2024-03-08 02:48:17Z INFO HostContext] Well known directory 'Bin': 'C:\Users\denve\Desktop\eformative\actions-runner\bin'
[2024-03-08 02:48:17Z INFO HostContext] Well known directory 'Root': 'C:\Users\denve\Desktop\eformative\actions-runner'
[2024-03-08 02:48:17Z INFO HostContext] Well known config file 'Credentials': 'C:\Users\denve\Desktop\eformative\actions-runner\.credentials'
[2024-03-08 02:48:18Z INFO HostContext] Well known directory 'Bin': 'C:\Users\denve\Desktop\eformative\actions-runner\bin'
[2024-03-08 02:48:18Z INFO HostContext] Well known directory 'Root': 'C:\Users\denve\Desktop\eformative\actions-runner'
[2024-03-08 02:48:18Z INFO HostContext] Well known config file 'Runner': 'C:\Users\denve\Desktop\eformative\actions-runner\.runner'
[2024-03-08 02:48:18Z INFO Listener] Runner is built for Windows (X64) - win-x64.
[2024-03-08 02:48:18Z INFO Listener] RuntimeInformation: Microsoft Windows 10.0.19045.
[2024-03-08 02:48:18Z INFO Listener] Version: 2.314.1
[2024-03-08 02:48:18Z INFO Listener] Commit: 976290d966e6cc3e748a49bf8fdbe139ff764201
[2024-03-08 02:48:18Z INFO Listener] Culture: en-US
[2024-03-08 02:48:18Z INFO Listener] UI Culture: en-US
[2024-03-08 02:48:18Z INFO HostContext] Well known directory 'Bin': 'C:\Users\denve\Desktop\eformative\actions-runner\bin'
[2024-03-08 02:48:18Z INFO HostContext] Well known directory 'Root': 'C:\Users\denve\Desktop\eformative\actions-runner'
[2024-03-08 02:48:18Z INFO Listener] Validating directory permissions for: 'C:\Users\denve\Desktop\eformative\actions-runner'
[2024-03-08 02:48:18Z INFO CommandLineParser] Parse
[2024-03-08 02:48:18Z INFO CommandLineParser] Parsing 1 args
[2024-03-08 02:48:18Z INFO CommandLineParser] parsing argument
[2024-03-08 02:48:18Z INFO CommandLineParser] HasArgs: False
[2024-03-08 02:48:18Z INFO CommandLineParser] Adding Command: run
[2024-03-08 02:48:18Z INFO Listener] Arguments parsed
[2024-03-08 02:48:18Z INFO Runner] ExecuteCommand
[2024-03-08 02:48:18Z INFO ConfigurationStore] currentAssemblyLocation: C:\Users\denve\Desktop\eformative\actions-runner\bin\Runner.Listener.dll
[2024-03-08 02:48:18Z INFO HostContext] Well known directory 'Bin': 'C:\Users\denve\Desktop\eformative\actions-runner\bin'
[2024-03-08 02:48:18Z INFO ConfigurationStore] binPath: C:\Users\denve\Desktop\eformative\actions-runner\bin
[2024-03-08 02:48:18Z INFO HostContext] Well known directory 'Bin': 'C:\Users\denve\Desktop\eformative\actions-runner\bin'
[2024-03-08 02:48:18Z INFO HostContext] Well known directory 'Root': 'C:\Users\denve\Desktop\eformative\actions-runner'
[2024-03-08 02:48:18Z INFO ConfigurationStore] RootFolder: C:\Users\denve\Desktop\eformative\actions-runner
[2024-03-08 02:48:18Z INFO HostContext] Well known directory 'Bin': 'C:\Users\denve\Desktop\eformative\actions-runner\bin'
[2024-03-08 02:48:18Z INFO HostContext] Well known directory 'Root': 'C:\Users\denve\Desktop\eformative\actions-runner'
[2024-03-08 02:48:18Z INFO HostContext] Well known config file 'Runner': 'C:\Users\denve\Desktop\eformative\actions-runner\.runner'
[2024-03-08 02:48:18Z INFO ConfigurationStore] ConfigFilePath: C:\Users\denve\Desktop\eformative\actions-runner\.runner
[2024-03-08 02:48:18Z INFO HostContext] Well known directory 'Bin': 'C:\Users\denve\Desktop\eformative\actions-runner\bin'
[2024-03-08 02:48:18Z INFO HostContext] Well known directory 'Root': 'C:\Users\denve\Desktop\eformative\actions-runner'
[2024-03-08 02:48:18Z INFO HostContext] Well known config file 'Credentials': 'C:\Users\denve\Desktop\eformative\actions-runner\.credentials'
[2024-03-08 02:48:18Z INFO ConfigurationStore] CredFilePath: C:\Users\denve\Desktop\eformative\actions-runner\.credentials
[2024-03-08 02:48:18Z INFO HostContext] Well known directory 'Bin': 'C:\Users\denve\Desktop\eformative\actions-runner\bin'
[2024-03-08 02:48:18Z INFO HostContext] Well known directory 'Root': 'C:\Users\denve\Desktop\eformative\actions-runner'
[2024-03-08 02:48:18Z INFO HostContext] Well known config file 'MigratedCredentials': 'C:\Users\denve\Desktop\eformative\actions-runner\.credentials_migrated'
[2024-03-08 02:48:18Z INFO ConfigurationStore] MigratedCredFilePath: C:\Users\denve\Desktop\eformative\actions-runner\.credentials_migrated
[2024-03-08 02:48:18Z INFO HostContext] Well known directory 'Bin': 'C:\Users\denve\Desktop\eformative\actions-runner\bin'
[2024-03-08 02:48:18Z INFO HostContext] Well known directory 'Root': 'C:\Users\denve\Desktop\eformative\actions-runner'
[2024-03-08 02:48:18Z INFO HostContext] Well known config file 'Service': 'C:\Users\denve\Desktop\eformative\actions-runner\.service'
[2024-03-08 02:48:18Z INFO ConfigurationStore] ServiceConfigFilePath: C:\Users\denve\Desktop\eformative\actions-runner\.service
[2024-03-08 02:48:18Z INFO CommandSettings] Flag 'help': 'False'
[2024-03-08 02:48:18Z INFO CommandSettings] Flag 'version': 'False'
[2024-03-08 02:48:18Z INFO CommandSettings] Flag 'commit': 'False'
[2024-03-08 02:48:18Z INFO CommandSettings] Flag 'check': 'False'
[2024-03-08 02:48:18Z INFO CommandSettings] Command 'configure': 'False'
[2024-03-08 02:48:18Z INFO CommandSettings] Command 'remove': 'False'
[2024-03-08 02:48:18Z INFO CommandSettings] Command 'warmup': 'False'
[2024-03-08 02:48:18Z INFO ConfigurationManager] LoadSettings
[2024-03-08 02:48:18Z INFO ConfigurationStore] IsConfigured()
[2024-03-08 02:48:18Z INFO ConfigurationStore] IsConfigured: True
[2024-03-08 02:48:18Z INFO ConfigurationManager] Is configured: True
[2024-03-08 02:48:18Z INFO ConfigurationStore] Read setting file: 324 chars
[2024-03-08 02:48:18Z INFO ConfigurationManager] Settings Loaded
[2024-03-08 02:48:18Z INFO ConfigurationStore] IsServiceConfigured()
[2024-03-08 02:48:18Z INFO ConfigurationStore] IsServiceConfigured: False
[2024-03-08 02:48:18Z INFO CommandSettings] Command 'run': 'True'
[2024-03-08 02:48:18Z INFO ConfigurationStore] IsConfigured()
[2024-03-08 02:48:18Z INFO ConfigurationStore] IsConfigured: True
[2024-03-08 02:48:18Z INFO ConfigurationManager] Is configured: True
[2024-03-08 02:48:18Z INFO Runner] Could not parse the argument value '' for StartupType. Defaulting to Manual
[2024-03-08 02:48:18Z INFO Runner] Set runner startup type - Manual
[2024-03-08 02:48:18Z INFO CommandSettings] Flag 'once': 'False'
[2024-03-08 02:48:18Z INFO CommandSettings] Flag 'once': 'False'
[2024-03-08 02:48:18Z INFO Runner] RunAsync
[2024-03-08 02:48:18Z INFO ConfigurationManager] LoadSettings
[2024-03-08 02:48:18Z INFO ConfigurationStore] IsConfigured()
[2024-03-08 02:48:18Z INFO ConfigurationStore] IsConfigured: True
[2024-03-08 02:48:18Z INFO ConfigurationManager] Is configured: True
[2024-03-08 02:48:18Z INFO ConfigurationManager] Settings Loaded
[2024-03-08 02:48:18Z INFO MessageListener] {
  "AgentId": 22,
  "AgentName": "eformative runner",
  "PoolId": 1,
  "PoolName": "Default",
  "ServerUrl": "https://pipelinesghubeus10.actions.githubusercontent.com/ErNVkWKtNpYH2bOUVfg5VbEMcywmrNl1c2EjvAPpM0ayAdtzcZ/",
  "GitHubUrl": "https://github.com/NekoCarreraDesigns/eformative",
  "WorkFolder": ".github"
}
[2024-03-08 02:48:18Z INFO MessageListener] Loading Credentials
[2024-03-08 02:48:18Z INFO ConfigurationStore] HasCredentials()
[2024-03-08 02:48:18Z INFO ConfigurationStore] stored True
[2024-03-08 02:48:18Z INFO CredentialManager] GetCredentialProvider
[2024-03-08 02:48:18Z INFO CredentialManager] Creating type OAuth
[2024-03-08 02:48:18Z INFO CredentialManager] Creating credential type: OAuth
[2024-03-08 02:48:18Z INFO HostContext] Well known directory 'Bin': 'C:\Users\denve\Desktop\eformative\actions-runner\bin'
[2024-03-08 02:48:18Z INFO HostContext] Well known directory 'Root': 'C:\Users\denve\Desktop\eformative\actions-runner'
[2024-03-08 02:48:18Z INFO HostContext] Well known config file 'RSACredentials': 'C:\Users\denve\Desktop\eformative\actions-runner\.credentials_rsaparams'
[2024-03-08 02:48:18Z INFO RSAEncryptedFileKeyManager] Loading RSA key parameters from file C:\Users\denve\Desktop\eformative\actions-runner\.credentials_rsaparams
[2024-03-08 02:48:18Z INFO MessageListener] Attempt to create session.
[2024-03-08 02:48:18Z INFO MessageListener] Connecting to the Runner Server...
[2024-03-08 02:48:18Z INFO RunnerServer] EstablishVssConnection
[2024-03-08 02:48:18Z INFO RunnerServer] Establish connection with 100 seconds timeout.
[2024-03-08 02:48:18Z INFO GitHubActionsService] Starting operation Location.GetConnectionData
[2024-03-08 02:48:18Z INFO RunnerServer] EstablishVssConnection
[2024-03-08 02:48:18Z INFO RunnerServer] Establish connection with 60 seconds timeout.
[2024-03-08 02:48:18Z INFO GitHubActionsService] Starting operation Location.GetConnectionData
[2024-03-08 02:48:18Z INFO RunnerServer] EstablishVssConnection
[2024-03-08 02:48:18Z INFO RunnerServer] Establish connection with 60 seconds timeout.
[2024-03-08 02:48:18Z INFO GitHubActionsService] Starting operation Location.GetConnectionData
[2024-03-08 02:48:19Z INFO GitHubActionsService] Finished operation Location.GetConnectionData
[2024-03-08 02:48:19Z INFO GitHubActionsService] Finished operation Location.GetConnectionData
[2024-03-08 02:48:19Z INFO GitHubActionsService] Finished operation Location.GetConnectionData
[2024-03-08 02:48:19Z INFO MessageListener] VssConnection created
[2024-03-08 02:48:19Z INFO Terminal] WRITE LINE: 
[2024-03-08 02:48:19Z INFO Terminal] WRITE LINE: 
[2024-03-08 02:48:19Z INFO RSAEncryptedFileKeyManager] Loading RSA key parameters from file C:\Users\denve\Desktop\eformative\actions-runner\.credentials_rsaparams
[2024-03-08 02:48:19Z INFO RSAEncryptedFileKeyManager] Loading RSA key parameters from file C:\Users\denve\Desktop\eformative\actions-runner\.credentials_rsaparams
[2024-03-08 02:48:20Z INFO GitHubActionsService] AAD Correlation ID for this token request: Unknown
[2024-03-08 02:48:20Z INFO MessageListener] Session created.
[2024-03-08 02:48:20Z INFO Terminal] WRITE LINE: Current runner version: '2.314.1'
[2024-03-08 02:48:20Z INFO Terminal] WRITE LINE: 2024-03-08 02:48:20Z: Listening for Jobs
[2024-03-08 02:48:20Z INFO JobDispatcher] Set runner/worker IPC timeout to 30 seconds.
[2024-03-08 02:58:53Z INFO RSAEncryptedFileKeyManager] Loading RSA key parameters from file C:\Users\denve\Desktop\eformative\actions-runner\.credentials_rsaparams
[2024-03-08 02:58:53Z INFO MessageListener] Message '1' received from session 'b31ac663-aad5-43f6-b4cf-8e5e85795d83'.
[2024-03-08 02:58:53Z INFO Runner] Received job message of length 24658 from service, with hash '4d963892d4ea7b1c089e17aca4430b82e136c69b0fb4cc78b1d7e0d72d066505'
[2024-03-08 02:58:53Z INFO JobDispatcher] Job request 51 for plan e350b055-3ca5-4120-9148-399f3ac55b08 job ca395085-040a-526b-2ce8-bdc85f692774 received.
[2024-03-08 02:58:54Z INFO JobDispatcher] Pull OrchestrationId e350b055-3ca5-4120-9148-399f3ac55b08.build.__default from JWT claims
[2024-03-08 02:58:54Z INFO MessageListener] Received job status event. JobState: Busy
[2024-03-08 02:58:54Z INFO MessageListener] _getMessagesTokenSource is already disposed.
[2024-03-08 02:58:54Z INFO Terminal] WRITE LINE: 2024-03-08 02:58:54Z: Running job: build
[2024-03-08 02:58:54Z INFO JobDispatcher] Start renew job request 51 for job ca395085-040a-526b-2ce8-bdc85f692774.
[2024-03-08 02:58:54Z INFO JobDispatcher] Successfully renew job request 51, job is valid till 3/8/2024 3:08:53 AM
[2024-03-08 02:58:54Z INFO HostContext] Well known directory 'Bin': 'C:\Users\denve\Desktop\eformative\actions-runner\bin'
[2024-03-08 02:58:54Z INFO ProcessInvokerWrapper] Starting process:
[2024-03-08 02:58:54Z INFO ProcessInvokerWrapper]   File name: 'C:\Users\denve\Desktop\eformative\actions-runner\bin\Runner.Worker.exe'
[2024-03-08 02:58:54Z INFO ProcessInvokerWrapper]   Arguments: 'spawnclient 1376 1956'
[2024-03-08 02:58:54Z INFO ProcessInvokerWrapper]   Working directory: 'C:\Users\denve\Desktop\eformative\actions-runner\bin'
[2024-03-08 02:58:54Z INFO ProcessInvokerWrapper]   Require exit code zero: 'False'
[2024-03-08 02:58:54Z INFO ProcessInvokerWrapper]   Encoding web name:  ; code page: ''
[2024-03-08 02:58:54Z INFO ProcessInvokerWrapper]   Force kill process on cancellation: 'True'
[2024-03-08 02:58:54Z INFO ProcessInvokerWrapper]   Redirected STDIN: 'False'
[2024-03-08 02:58:54Z INFO ProcessInvokerWrapper]   Persist current code page: 'False'
[2024-03-08 02:58:54Z INFO ProcessInvokerWrapper]   Keep redirected STDIN open: 'False'
[2024-03-08 02:58:54Z INFO ProcessInvokerWrapper]   High priority process: 'True'
[2024-03-08 02:58:54Z INFO ProcessInvokerWrapper] Process started with process id 14620, waiting for process exit.
[2024-03-08 02:58:54Z INFO JobDispatcher] Send job request message to worker for job ca395085-040a-526b-2ce8-bdc85f692774.
[2024-03-08 02:58:54Z INFO ProcessChannel] Sending message of length 24658, with hash '4d963892d4ea7b1c089e17aca4430b82e136c69b0fb4cc78b1d7e0d72d066505'
[2024-03-08 02:58:55Z INFO JobNotification] Entering JobStarted Notification
[2024-03-08 02:58:55Z INFO JobNotification] Entering StartMonitor
[2024-03-08 02:59:55Z INFO JobDispatcher] Successfully renew job request 51, job is valid till 3/8/2024 3:09:54 AM
[2024-03-08 03:00:55Z INFO JobDispatcher] Successfully renew job request 51, job is valid till 3/8/2024 3:10:54 AM
[2024-03-08 03:01:55Z INFO JobDispatcher] Successfully renew job request 51, job is valid till 3/8/2024 3:11:54 AM
[2024-03-08 03:02:55Z INFO JobDispatcher] Successfully renew job request 51, job is valid till 3/8/2024 3:12:54 AM
[2024-03-08 03:03:55Z INFO JobDispatcher] Successfully renew job request 51, job is valid till 3/8/2024 3:13:54 AM
[2024-03-08 03:04:55Z INFO JobDispatcher] Successfully renew job request 51, job is valid till 3/8/2024 3:14:55 AM
[2024-03-08 03:05:55Z INFO JobDispatcher] Successfully renew job request 51, job is valid till 3/8/2024 3:15:55 AM
[2024-03-08 03:06:56Z INFO JobDispatcher] Successfully renew job request 51, job is valid till 3/8/2024 3:16:55 AM
[2024-03-08 03:06:57Z INFO ProcessInvokerWrapper] STDOUT/STDERR stream read finished.
[2024-03-08 03:06:57Z INFO ProcessInvokerWrapper] STDOUT/STDERR stream read finished.
[2024-03-08 03:06:57Z INFO ProcessInvokerWrapper] Finished process 14620 with exit code 102, and elapsed time 00:08:02.8578871.
[2024-03-08 03:06:57Z INFO JobDispatcher] Worker finished for job ca395085-040a-526b-2ce8-bdc85f692774. Code: 102
[2024-03-08 03:06:57Z INFO JobDispatcher] finish job request for job ca395085-040a-526b-2ce8-bdc85f692774 with result: Failed
[2024-03-08 03:06:57Z INFO Terminal] WRITE LINE: 2024-03-08 03:06:57Z: Job build completed with result: Failed
[2024-03-08 03:06:57Z INFO JobDispatcher] Stop renew job request for job ca395085-040a-526b-2ce8-bdc85f692774.
[2024-03-08 03:06:57Z INFO JobDispatcher] job renew has been cancelled, stop renew job request 51.
[2024-03-08 03:06:57Z INFO JobNotification] Entering JobCompleted Notification
[2024-03-08 03:06:57Z INFO JobNotification] Entering EndMonitor
[2024-03-08 03:06:57Z INFO MessageListener] Received job status event. JobState: Online
[2024-03-08 03:06:57Z WARN GitHubActionsService] GET request to https://pipelinesghubeus10.actions.githubusercontent.com/ErNVkWKtNpYH2bOUVfg5VbEMcywmrNl1c2EjvAPpM0ayAdtzcZ/_apis/distributedtask/pools/1/messages?sessionId=b31ac663-aad5-43f6-b4cf-8e5e85795d83&lastMessageId=1&status=Busy&runnerVersion=2.314.1&os=Windows&architecture=X64&disableUpdate=false has been cancelled.
[2024-03-08 03:06:57Z INFO MessageListener] Get messages has been cancelled using local token source. Continue to get messages with new status.
