[2024-03-08 02:42:06Z INFO HostContext] No proxy settings were found based on environmental variables (http_proxy/https_proxy/HTTP_PROXY/HTTPS_PROXY)
[2024-03-08 02:42:06Z INFO HostContext] Well known directory 'Bin': 'C:\Users\denve\Desktop\eformative\actions-runner\bin'
[2024-03-08 02:42:06Z INFO HostContext] Well known directory 'Root': 'C:\Users\denve\Desktop\eformative\actions-runner'
[2024-03-08 02:42:06Z INFO HostContext] Well known config file 'Credentials': 'C:\Users\denve\Desktop\eformative\actions-runner\.credentials'
[2024-03-08 02:42:06Z INFO HostContext] Well known directory 'Bin': 'C:\Users\denve\Desktop\eformative\actions-runner\bin'
[2024-03-08 02:42:06Z INFO HostContext] Well known directory 'Root': 'C:\Users\denve\Desktop\eformative\actions-runner'
[2024-03-08 02:42:06Z INFO HostContext] Well known config file 'Runner': 'C:\Users\denve\Desktop\eformative\actions-runner\.runner'
[2024-03-08 02:42:06Z INFO Listener] Runner is built for Windows (X64) - win-x64.
[2024-03-08 02:42:06Z INFO Listener] RuntimeInformation: Microsoft Windows 10.0.19045.
[2024-03-08 02:42:06Z INFO Listener] Version: 2.314.1
[2024-03-08 02:42:06Z INFO Listener] Commit: 976290d966e6cc3e748a49bf8fdbe139ff764201
[2024-03-08 02:42:06Z INFO Listener] Culture: en-US
[2024-03-08 02:42:06Z INFO Listener] UI Culture: en-US
[2024-03-08 02:42:06Z INFO HostContext] Well known directory 'Bin': 'C:\Users\denve\Desktop\eformative\actions-runner\bin'
[2024-03-08 02:42:06Z INFO HostContext] Well known directory 'Root': 'C:\Users\denve\Desktop\eformative\actions-runner'
[2024-03-08 02:42:06Z INFO Listener] Validating directory permissions for: 'C:\Users\denve\Desktop\eformative\actions-runner'
[2024-03-08 02:42:06Z INFO CommandLineParser] Parse
[2024-03-08 02:42:06Z INFO CommandLineParser] Parsing 5 args
[2024-03-08 02:42:06Z INFO CommandLineParser] parsing argument
[2024-03-08 02:42:06Z INFO CommandLineParser] HasArgs: False
[2024-03-08 02:42:06Z INFO CommandLineParser] Adding Command: configure
[2024-03-08 02:42:06Z INFO CommandLineParser] parsing argument
[2024-03-08 02:42:06Z INFO CommandLineParser] HasArgs: True
[2024-03-08 02:42:06Z INFO CommandLineParser] arg: url
[2024-03-08 02:42:06Z INFO CommandLineParser] parsing argument
[2024-03-08 02:42:06Z INFO CommandLineParser] HasArgs: True
[2024-03-08 02:42:06Z INFO CommandLineParser] Adding option 'url': 'https://github.com/NekoCarreraDesigns/eformative'
[2024-03-08 02:42:06Z INFO CommandLineParser] parsing argument
[2024-03-08 02:42:06Z INFO CommandLineParser] HasArgs: True
[2024-03-08 02:42:06Z INFO CommandLineParser] arg: token
[2024-03-08 02:42:06Z INFO CommandLineParser] parsing argument
[2024-03-08 02:42:06Z INFO CommandLineParser] HasArgs: True
[2024-03-08 02:42:06Z INFO CommandLineParser] Adding option 'token': '***'
[2024-03-08 02:42:06Z INFO Listener] Arguments parsed
[2024-03-08 02:42:06Z INFO Runner] ExecuteCommand
[2024-03-08 02:42:06Z INFO ConfigurationStore] currentAssemblyLocation: C:\Users\denve\Desktop\eformative\actions-runner\bin\Runner.Listener.dll
[2024-03-08 02:42:06Z INFO HostContext] Well known directory 'Bin': 'C:\Users\denve\Desktop\eformative\actions-runner\bin'
[2024-03-08 02:42:06Z INFO ConfigurationStore] binPath: C:\Users\denve\Desktop\eformative\actions-runner\bin
[2024-03-08 02:42:06Z INFO HostContext] Well known directory 'Bin': 'C:\Users\denve\Desktop\eformative\actions-runner\bin'
[2024-03-08 02:42:06Z INFO HostContext] Well known directory 'Root': 'C:\Users\denve\Desktop\eformative\actions-runner'
[2024-03-08 02:42:06Z INFO ConfigurationStore] RootFolder: C:\Users\denve\Desktop\eformative\actions-runner
[2024-03-08 02:42:06Z INFO HostContext] Well known directory 'Bin': 'C:\Users\denve\Desktop\eformative\actions-runner\bin'
[2024-03-08 02:42:06Z INFO HostContext] Well known directory 'Root': 'C:\Users\denve\Desktop\eformative\actions-runner'
[2024-03-08 02:42:06Z INFO HostContext] Well known config file 'Runner': 'C:\Users\denve\Desktop\eformative\actions-runner\.runner'
[2024-03-08 02:42:06Z INFO ConfigurationStore] ConfigFilePath: C:\Users\denve\Desktop\eformative\actions-runner\.runner
[2024-03-08 02:42:06Z INFO HostContext] Well known directory 'Bin': 'C:\Users\denve\Desktop\eformative\actions-runner\bin'
[2024-03-08 02:42:06Z INFO HostContext] Well known directory 'Root': 'C:\Users\denve\Desktop\eformative\actions-runner'
[2024-03-08 02:42:06Z INFO HostContext] Well known config file 'Credentials': 'C:\Users\denve\Desktop\eformative\actions-runner\.credentials'
[2024-03-08 02:42:06Z INFO ConfigurationStore] CredFilePath: C:\Users\denve\Desktop\eformative\actions-runner\.credentials
[2024-03-08 02:42:06Z INFO HostContext] Well known directory 'Bin': 'C:\Users\denve\Desktop\eformative\actions-runner\bin'
[2024-03-08 02:42:06Z INFO HostContext] Well known directory 'Root': 'C:\Users\denve\Desktop\eformative\actions-runner'
[2024-03-08 02:42:06Z INFO HostContext] Well known config file 'MigratedCredentials': 'C:\Users\denve\Desktop\eformative\actions-runner\.credentials_migrated'
[2024-03-08 02:42:06Z INFO ConfigurationStore] MigratedCredFilePath: C:\Users\denve\Desktop\eformative\actions-runner\.credentials_migrated
[2024-03-08 02:42:06Z INFO HostContext] Well known directory 'Bin': 'C:\Users\denve\Desktop\eformative\actions-runner\bin'
[2024-03-08 02:42:06Z INFO HostContext] Well known directory 'Root': 'C:\Users\denve\Desktop\eformative\actions-runner'
[2024-03-08 02:42:06Z INFO HostContext] Well known config file 'Service': 'C:\Users\denve\Desktop\eformative\actions-runner\.service'
[2024-03-08 02:42:06Z INFO ConfigurationStore] ServiceConfigFilePath: C:\Users\denve\Desktop\eformative\actions-runner\.service
[2024-03-08 02:42:06Z INFO CommandSettings] Flag 'help': 'False'
[2024-03-08 02:42:06Z INFO CommandSettings] Flag 'version': 'False'
[2024-03-08 02:42:06Z INFO CommandSettings] Flag 'commit': 'False'
[2024-03-08 02:42:06Z INFO CommandSettings] Flag 'check': 'False'
[2024-03-08 02:42:06Z INFO CommandSettings] Command 'configure': 'True'
[2024-03-08 02:42:07Z INFO Terminal] WRITE LINE: 
[2024-03-08 02:42:07Z INFO Terminal] WRITE LINE: --------------------------------------------------------------------------------
[2024-03-08 02:42:07Z INFO Terminal] WRITE LINE: |        ____ _ _   _   _       _          _        _   _                      |
[2024-03-08 02:42:07Z INFO Terminal] WRITE LINE: |       / ___(_) |_| | | |_   _| |__      / \   ___| |_(_) ___  _ __  ___      |
[2024-03-08 02:42:07Z INFO Terminal] WRITE LINE: |      | |  _| | __| |_| | | | | '_ \    / _ \ / __| __| |/ _ \| '_ \/ __|     |
[2024-03-08 02:42:07Z INFO Terminal] WRITE LINE: |      | |_| | | |_|  _  | |_| | |_) |  / ___ \ (__| |_| | (_) | | | \__ \     |
[2024-03-08 02:42:07Z INFO Terminal] WRITE LINE: |       \____|_|\__|_| |_|\__,_|_.__/  /_/   \_\___|\__|_|\___/|_| |_|___/     |
[2024-03-08 02:42:07Z INFO Terminal] WRITE LINE: |                                                                              |
[2024-03-08 02:42:07Z INFO Terminal] WRITE: |                       
[2024-03-08 02:42:07Z INFO Terminal] WRITE: Self-hosted runner registration
[2024-03-08 02:42:07Z INFO Terminal] WRITE LINE:                         |
[2024-03-08 02:42:07Z INFO Terminal] WRITE LINE: |                                                                              |
[2024-03-08 02:42:07Z INFO Terminal] WRITE LINE: --------------------------------------------------------------------------------
[2024-03-08 02:42:07Z INFO ConfigurationManager] ConfigureAsync
[2024-03-08 02:42:07Z INFO CommandSettings] Flag 'generateServiceConfig': 'False'
[2024-03-08 02:42:07Z INFO ConfigurationStore] IsConfigured()
[2024-03-08 02:42:07Z INFO ConfigurationStore] IsConfigured: False
[2024-03-08 02:42:07Z INFO ConfigurationManager] Is configured: False
[2024-03-08 02:42:07Z INFO CommandSettings] Arg 'url': 'https://github.com/NekoCarreraDesigns/eformative'
[2024-03-08 02:42:07Z INFO CommandSettings] Remove url from Arg dictionary.
[2024-03-08 02:42:07Z INFO CommandSettings] Arg 'token': '***'
[2024-03-08 02:42:07Z INFO CommandSettings] Remove token from Arg dictionary.
[2024-03-08 02:42:10Z ERR  Terminal] WRITE ERROR: Http response code: NotFound from 'POST https://api.github.com/actions/runner-registration' (Request Id: F552:40D6:B895D2:15D2B26:65EA7B01)
[2024-03-08 02:42:10Z ERR  Terminal] WRITE ERROR: {"message":"Not Found","documentation_url":"https://docs.github.com/rest"}
[2024-03-08 02:42:10Z ERR  Runner] System.Net.Http.HttpRequestException: Response status code does not indicate success: 404 (Not Found).
   at System.Net.Http.HttpResponseMessage.EnsureSuccessStatusCode()
   at GitHub.Runner.Listener.Configuration.ConfigurationManager.GetTenantCredential(String githubUrl, String githubToken, String runnerEvent)
   at GitHub.Runner.Listener.Configuration.ConfigurationManager.ConfigureAsync(CommandSettings command)
   at GitHub.Runner.Listener.Runner.ExecuteCommand(CommandSettings command)
[2024-03-08 02:42:10Z ERR  Terminal] WRITE ERROR: Response status code does not indicate success: 404 (Not Found).
[2024-03-08 02:42:10Z INFO Listener] Runner execution has finished with return code 1
