[2024-03-08 02:43:55Z INFO HostContext] No proxy settings were found based on environmental variables (http_proxy/https_proxy/HTTP_PROXY/HTTPS_PROXY)
[2024-03-08 02:43:55Z INFO HostContext] Well known directory 'Bin': 'C:\Users\denve\Desktop\eformative\actions-runner\bin'
[2024-03-08 02:43:55Z INFO HostContext] Well known directory 'Root': 'C:\Users\denve\Desktop\eformative\actions-runner'
[2024-03-08 02:43:55Z INFO HostContext] Well known config file 'Credentials': 'C:\Users\denve\Desktop\eformative\actions-runner\.credentials'
[2024-03-08 02:43:55Z INFO HostContext] Well known directory 'Bin': 'C:\Users\denve\Desktop\eformative\actions-runner\bin'
[2024-03-08 02:43:55Z INFO HostContext] Well known directory 'Root': 'C:\Users\denve\Desktop\eformative\actions-runner'
[2024-03-08 02:43:55Z INFO HostContext] Well known config file 'Runner': 'C:\Users\denve\Desktop\eformative\actions-runner\.runner'
[2024-03-08 02:43:55Z INFO Listener] Runner is built for Windows (X64) - win-x64.
[2024-03-08 02:43:55Z INFO Listener] RuntimeInformation: Microsoft Windows 10.0.19045.
[2024-03-08 02:43:55Z INFO Listener] Version: 2.314.1
[2024-03-08 02:43:55Z INFO Listener] Commit: 976290d966e6cc3e748a49bf8fdbe139ff764201
[2024-03-08 02:43:55Z INFO Listener] Culture: en-US
[2024-03-08 02:43:55Z INFO Listener] UI Culture: en-US
[2024-03-08 02:43:55Z INFO HostContext] Well known directory 'Bin': 'C:\Users\denve\Desktop\eformative\actions-runner\bin'
[2024-03-08 02:43:55Z INFO HostContext] Well known directory 'Root': 'C:\Users\denve\Desktop\eformative\actions-runner'
[2024-03-08 02:43:55Z INFO Listener] Validating directory permissions for: 'C:\Users\denve\Desktop\eformative\actions-runner'
[2024-03-08 02:43:55Z INFO CommandLineParser] Parse
[2024-03-08 02:43:55Z INFO CommandLineParser] Parsing 5 args
[2024-03-08 02:43:55Z INFO CommandLineParser] parsing argument
[2024-03-08 02:43:55Z INFO CommandLineParser] HasArgs: False
[2024-03-08 02:43:55Z INFO CommandLineParser] Adding Command: configure
[2024-03-08 02:43:55Z INFO CommandLineParser] parsing argument
[2024-03-08 02:43:55Z INFO CommandLineParser] HasArgs: True
[2024-03-08 02:43:55Z INFO CommandLineParser] arg: url
[2024-03-08 02:43:55Z INFO CommandLineParser] parsing argument
[2024-03-08 02:43:55Z INFO CommandLineParser] HasArgs: True
[2024-03-08 02:43:55Z INFO CommandLineParser] Adding option 'url': 'https://github.com/NekoCarreraDesigns/eformative'
[2024-03-08 02:43:55Z INFO CommandLineParser] parsing argument
[2024-03-08 02:43:55Z INFO CommandLineParser] HasArgs: True
[2024-03-08 02:43:55Z INFO CommandLineParser] arg: token
[2024-03-08 02:43:55Z INFO CommandLineParser] parsing argument
[2024-03-08 02:43:55Z INFO CommandLineParser] HasArgs: True
[2024-03-08 02:43:55Z INFO CommandLineParser] Adding option 'token': '***'
[2024-03-08 02:43:55Z INFO Listener] Arguments parsed
[2024-03-08 02:43:55Z INFO Runner] ExecuteCommand
[2024-03-08 02:43:55Z INFO ConfigurationStore] currentAssemblyLocation: C:\Users\denve\Desktop\eformative\actions-runner\bin\Runner.Listener.dll
[2024-03-08 02:43:55Z INFO HostContext] Well known directory 'Bin': 'C:\Users\denve\Desktop\eformative\actions-runner\bin'
[2024-03-08 02:43:55Z INFO ConfigurationStore] binPath: C:\Users\denve\Desktop\eformative\actions-runner\bin
[2024-03-08 02:43:55Z INFO HostContext] Well known directory 'Bin': 'C:\Users\denve\Desktop\eformative\actions-runner\bin'
[2024-03-08 02:43:55Z INFO HostContext] Well known directory 'Root': 'C:\Users\denve\Desktop\eformative\actions-runner'
[2024-03-08 02:43:55Z INFO ConfigurationStore] RootFolder: C:\Users\denve\Desktop\eformative\actions-runner
[2024-03-08 02:43:55Z INFO HostContext] Well known directory 'Bin': 'C:\Users\denve\Desktop\eformative\actions-runner\bin'
[2024-03-08 02:43:55Z INFO HostContext] Well known directory 'Root': 'C:\Users\denve\Desktop\eformative\actions-runner'
[2024-03-08 02:43:55Z INFO HostContext] Well known config file 'Runner': 'C:\Users\denve\Desktop\eformative\actions-runner\.runner'
[2024-03-08 02:43:55Z INFO ConfigurationStore] ConfigFilePath: C:\Users\denve\Desktop\eformative\actions-runner\.runner
[2024-03-08 02:43:55Z INFO HostContext] Well known directory 'Bin': 'C:\Users\denve\Desktop\eformative\actions-runner\bin'
[2024-03-08 02:43:55Z INFO HostContext] Well known directory 'Root': 'C:\Users\denve\Desktop\eformative\actions-runner'
[2024-03-08 02:43:55Z INFO HostContext] Well known config file 'Credentials': 'C:\Users\denve\Desktop\eformative\actions-runner\.credentials'
[2024-03-08 02:43:55Z INFO ConfigurationStore] CredFilePath: C:\Users\denve\Desktop\eformative\actions-runner\.credentials
[2024-03-08 02:43:55Z INFO HostContext] Well known directory 'Bin': 'C:\Users\denve\Desktop\eformative\actions-runner\bin'
[2024-03-08 02:43:55Z INFO HostContext] Well known directory 'Root': 'C:\Users\denve\Desktop\eformative\actions-runner'
[2024-03-08 02:43:55Z INFO HostContext] Well known config file 'MigratedCredentials': 'C:\Users\denve\Desktop\eformative\actions-runner\.credentials_migrated'
[2024-03-08 02:43:55Z INFO ConfigurationStore] MigratedCredFilePath: C:\Users\denve\Desktop\eformative\actions-runner\.credentials_migrated
[2024-03-08 02:43:55Z INFO HostContext] Well known directory 'Bin': 'C:\Users\denve\Desktop\eformative\actions-runner\bin'
[2024-03-08 02:43:55Z INFO HostContext] Well known directory 'Root': 'C:\Users\denve\Desktop\eformative\actions-runner'
[2024-03-08 02:43:55Z INFO HostContext] Well known config file 'Service': 'C:\Users\denve\Desktop\eformative\actions-runner\.service'
[2024-03-08 02:43:55Z INFO ConfigurationStore] ServiceConfigFilePath: C:\Users\denve\Desktop\eformative\actions-runner\.service
[2024-03-08 02:43:55Z INFO CommandSettings] Flag 'help': 'False'
[2024-03-08 02:43:55Z INFO CommandSettings] Flag 'version': 'False'
[2024-03-08 02:43:55Z INFO CommandSettings] Flag 'commit': 'False'
[2024-03-08 02:43:55Z INFO CommandSettings] Flag 'check': 'False'
[2024-03-08 02:43:55Z INFO CommandSettings] Command 'configure': 'True'
[2024-03-08 02:43:55Z INFO Terminal] WRITE LINE: 
[2024-03-08 02:43:55Z INFO Terminal] WRITE LINE: --------------------------------------------------------------------------------
[2024-03-08 02:43:55Z INFO Terminal] WRITE LINE: |        ____ _ _   _   _       _          _        _   _                      |
[2024-03-08 02:43:55Z INFO Terminal] WRITE LINE: |       / ___(_) |_| | | |_   _| |__      / \   ___| |_(_) ___  _ __  ___      |
[2024-03-08 02:43:55Z INFO Terminal] WRITE LINE: |      | |  _| | __| |_| | | | | '_ \    / _ \ / __| __| |/ _ \| '_ \/ __|     |
[2024-03-08 02:43:55Z INFO Terminal] WRITE LINE: |      | |_| | | |_|  _  | |_| | |_) |  / ___ \ (__| |_| | (_) | | | \__ \     |
[2024-03-08 02:43:55Z INFO Terminal] WRITE LINE: |       \____|_|\__|_| |_|\__,_|_.__/  /_/   \_\___|\__|_|\___/|_| |_|___/     |
[2024-03-08 02:43:55Z INFO Terminal] WRITE LINE: |                                                                              |
[2024-03-08 02:43:55Z INFO Terminal] WRITE: |                       
[2024-03-08 02:43:55Z INFO Terminal] WRITE: Self-hosted runner registration
[2024-03-08 02:43:55Z INFO Terminal] WRITE LINE:                         |
[2024-03-08 02:43:55Z INFO Terminal] WRITE LINE: |                                                                              |
[2024-03-08 02:43:55Z INFO Terminal] WRITE LINE: --------------------------------------------------------------------------------
[2024-03-08 02:43:55Z INFO ConfigurationManager] ConfigureAsync
[2024-03-08 02:43:55Z INFO CommandSettings] Flag 'generateServiceConfig': 'False'
[2024-03-08 02:43:55Z INFO ConfigurationStore] IsConfigured()
[2024-03-08 02:43:55Z INFO ConfigurationStore] IsConfigured: False
[2024-03-08 02:43:55Z INFO ConfigurationManager] Is configured: False
[2024-03-08 02:43:55Z INFO CommandSettings] Arg 'url': 'https://github.com/NekoCarreraDesigns/eformative'
[2024-03-08 02:43:55Z INFO CommandSettings] Remove url from Arg dictionary.
[2024-03-08 02:43:55Z INFO CommandSettings] Arg 'token': '***'
[2024-03-08 02:43:55Z INFO CommandSettings] Remove token from Arg dictionary.
[2024-03-08 02:43:56Z INFO ConfigurationManager] Http response code: OK from 'POST https://api.github.com/actions/runner-registration' (F55A:40F1:1AA7B6:313DED:65EA7B6B)
[2024-03-08 02:43:56Z INFO ConfigurationManager] Using V2 flow: False
[2024-03-08 02:43:56Z INFO ConfigurationManager] cred retrieved via GitHub auth
[2024-03-08 02:43:56Z INFO RunnerServer] EstablishVssConnection
[2024-03-08 02:43:56Z INFO RunnerServer] Establish connection with 100 seconds timeout.
[2024-03-08 02:43:57Z INFO GitHubActionsService] Starting operation Location.GetConnectionData
[2024-03-08 02:43:57Z INFO RunnerServer] EstablishVssConnection
[2024-03-08 02:43:57Z INFO RunnerServer] Establish connection with 60 seconds timeout.
[2024-03-08 02:43:57Z INFO GitHubActionsService] Starting operation Location.GetConnectionData
[2024-03-08 02:43:57Z INFO RunnerServer] EstablishVssConnection
[2024-03-08 02:43:57Z INFO RunnerServer] Establish connection with 60 seconds timeout.
[2024-03-08 02:43:57Z INFO GitHubActionsService] Starting operation Location.GetConnectionData
[2024-03-08 02:43:58Z INFO GitHubActionsService] Finished operation Location.GetConnectionData
[2024-03-08 02:43:58Z INFO GitHubActionsService] Finished operation Location.GetConnectionData
[2024-03-08 02:43:58Z INFO GitHubActionsService] Finished operation Location.GetConnectionData
[2024-03-08 02:43:58Z INFO Terminal] WRITE LINE: 
[2024-03-08 02:43:58Z INFO ConfigurationManager] Test Connection complete.
[2024-03-08 02:43:58Z INFO HostContext] Well known directory 'Bin': 'C:\Users\denve\Desktop\eformative\actions-runner\bin'
[2024-03-08 02:43:58Z INFO HostContext] Well known directory 'Root': 'C:\Users\denve\Desktop\eformative\actions-runner'
[2024-03-08 02:43:58Z INFO HostContext] Well known config file 'RSACredentials': 'C:\Users\denve\Desktop\eformative\actions-runner\.credentials_rsaparams'
[2024-03-08 02:43:58Z INFO RSAEncryptedFileKeyManager] Creating new RSA key using 2048-bit key length
[2024-03-08 02:43:58Z INFO RSAEncryptedFileKeyManager] Successfully saved RSA key parameters to file C:\Users\denve\Desktop\eformative\actions-runner\.credentials_rsaparams
[2024-03-08 02:43:58Z INFO CommandSettings] Arg 'runnergroup': ''
[2024-03-08 02:43:58Z INFO CommandSettings] Flag 'unattended': 'False'
[2024-03-08 02:43:58Z INFO PromptManager] ReadValue
[2024-03-08 02:43:58Z INFO Terminal] WRITE: Enter the name of the runner group to add this runner to: 
[2024-03-08 02:43:58Z INFO Terminal] WRITE: [press Enter for Default] 
[2024-03-08 02:43:58Z INFO Terminal] READ LINE
[2024-03-08 02:44:07Z INFO Terminal] Read value: ''
[2024-03-08 02:44:07Z INFO PromptManager] Falling back to the default: 'Default'
[2024-03-08 02:44:07Z INFO Terminal] WRITE LINE: 
[2024-03-08 02:44:07Z INFO ConfigurationManager] Found a self-hosted runner group with id 1 and name Default
[2024-03-08 02:44:07Z INFO CommandSettings] Flag 'disableupdate': 'False'
[2024-03-08 02:44:07Z INFO CommandSettings] Flag 'ephemeral': 'False'
[2024-03-08 02:44:07Z INFO CommandSettings] Arg 'name': ''
[2024-03-08 02:44:07Z INFO CommandSettings] Flag 'unattended': 'False'
[2024-03-08 02:44:07Z INFO PromptManager] ReadValue
[2024-03-08 02:44:07Z INFO Terminal] WRITE: Enter the name of runner: 
[2024-03-08 02:44:07Z INFO Terminal] WRITE: [press Enter for DESKTOP-ALDPUH5] 
[2024-03-08 02:44:07Z INFO Terminal] READ LINE
[2024-03-08 02:44:13Z INFO Terminal] Read value: 'eformative runner'
[2024-03-08 02:44:13Z INFO Terminal] WRITE LINE: 
[2024-03-08 02:44:13Z INFO CommandSettings] Arg 'labels': ''
[2024-03-08 02:44:13Z INFO CommandSettings] Flag 'unattended': 'False'
[2024-03-08 02:44:13Z INFO PromptManager] ReadValue
[2024-03-08 02:44:13Z INFO Terminal] WRITE: This runner will have the following labels: 'self-hosted', 'Windows', 'X64' 
Enter any additional labels (ex. label-1,label-2): 
[2024-03-08 02:44:13Z INFO Terminal] WRITE: [press Enter to skip] 
[2024-03-08 02:44:13Z INFO Terminal] READ LINE
[2024-03-08 02:44:15Z INFO Terminal] Read value: ''
[2024-03-08 02:44:15Z INFO Terminal] WRITE LINE: 
[2024-03-08 02:44:15Z INFO Terminal] WRITE LINE: A runner exists with the same name
[2024-03-08 02:44:15Z INFO CommandSettings] Flag 'replace': 'False'
[2024-03-08 02:44:15Z INFO CommandSettings] Flag 'unattended': 'False'
[2024-03-08 02:44:15Z INFO PromptManager] ReadValue
[2024-03-08 02:44:15Z INFO Terminal] WRITE: Would you like to replace the existing runner? (Y/N) 
[2024-03-08 02:44:15Z INFO Terminal] WRITE: [press Enter for N] 
[2024-03-08 02:44:15Z INFO Terminal] READ LINE
[2024-03-08 02:44:21Z INFO Terminal] Read value: 'y'
[2024-03-08 02:44:21Z INFO CommandSettings] Flag 'disableupdate': 'False'
[2024-03-08 02:44:21Z INFO CommandSettings] Flag 'no-default-labels': 'False'
[2024-03-08 02:44:22Z INFO CommandSettings] Flag 'disableupdate': 'False'
[2024-03-08 02:44:22Z INFO CommandSettings] Flag 'ephemeral': 'False'
[2024-03-08 02:44:22Z INFO ConfigurationStore] Saving OAuth credential @ C:\Users\denve\Desktop\eformative\actions-runner\.credentials
[2024-03-08 02:44:22Z INFO ConfigurationStore] Credentials Saved.
[2024-03-08 02:44:22Z INFO ConfigurationStore] HasCredentials()
[2024-03-08 02:44:22Z INFO ConfigurationStore] stored True
[2024-03-08 02:44:22Z INFO CredentialManager] GetCredentialProvider
[2024-03-08 02:44:22Z INFO CredentialManager] Creating type OAuth
[2024-03-08 02:44:22Z INFO CredentialManager] Creating credential type: OAuth
[2024-03-08 02:44:22Z INFO RSAEncryptedFileKeyManager] Loading RSA key parameters from file C:\Users\denve\Desktop\eformative\actions-runner\.credentials_rsaparams
[2024-03-08 02:44:22Z INFO RunnerServer] EstablishVssConnection
[2024-03-08 02:44:22Z INFO RunnerServer] Establish connection with 100 seconds timeout.
[2024-03-08 02:44:22Z INFO GitHubActionsService] Starting operation Location.GetConnectionData
[2024-03-08 02:44:22Z INFO RunnerServer] EstablishVssConnection
[2024-03-08 02:44:22Z INFO RunnerServer] Establish connection with 60 seconds timeout.
[2024-03-08 02:44:22Z INFO GitHubActionsService] Starting operation Location.GetConnectionData
[2024-03-08 02:44:22Z INFO RunnerServer] EstablishVssConnection
[2024-03-08 02:44:22Z INFO RunnerServer] Establish connection with 60 seconds timeout.
[2024-03-08 02:44:22Z INFO GitHubActionsService] Starting operation Location.GetConnectionData
[2024-03-08 02:44:22Z INFO GitHubActionsService] Finished operation Location.GetConnectionData
[2024-03-08 02:44:22Z INFO GitHubActionsService] Finished operation Location.GetConnectionData
[2024-03-08 02:44:22Z INFO GitHubActionsService] Finished operation Location.GetConnectionData
[2024-03-08 02:44:23Z INFO RSAEncryptedFileKeyManager] Loading RSA key parameters from file C:\Users\denve\Desktop\eformative\actions-runner\.credentials_rsaparams
[2024-03-08 02:44:23Z INFO RSAEncryptedFileKeyManager] Loading RSA key parameters from file C:\Users\denve\Desktop\eformative\actions-runner\.credentials_rsaparams
[2024-03-08 02:44:23Z INFO GitHubActionsService] AAD Correlation ID for this token request: Unknown
[2024-03-08 02:44:23Z INFO CommandSettings] Arg 'work': ''
[2024-03-08 02:44:23Z INFO CommandSettings] Flag 'unattended': 'False'
[2024-03-08 02:44:23Z INFO PromptManager] ReadValue
[2024-03-08 02:44:23Z INFO Terminal] WRITE: Enter name of work folder: 
[2024-03-08 02:44:23Z INFO Terminal] WRITE: [press Enter for _work] 
[2024-03-08 02:44:23Z INFO Terminal] READ LINE
[2024-03-08 02:47:37Z INFO Terminal] Read value: '.github'
[2024-03-08 02:47:37Z INFO ConfigurationStore] Saving runner settings.
[2024-03-08 02:47:37Z INFO ConfigurationStore] Settings Saved.
[2024-03-08 02:47:37Z INFO Terminal] WRITE LINE: 
[2024-03-08 02:47:37Z INFO Terminal] WRITE LINE: 
[2024-03-08 02:47:37Z INFO CommandSettings] Flag 'runasservice': 'False'
[2024-03-08 02:47:37Z INFO CommandSettings] Flag 'unattended': 'False'
[2024-03-08 02:47:37Z INFO PromptManager] ReadValue
[2024-03-08 02:47:37Z INFO Terminal] WRITE: Would you like to run the runner as service? (Y/N) 
[2024-03-08 02:47:37Z INFO Terminal] WRITE: [press Enter for N] 
[2024-03-08 02:47:37Z INFO Terminal] READ LINE
[2024-03-08 02:47:44Z INFO Terminal] Read value: ''
[2024-03-08 02:47:44Z INFO PromptManager] Falling back to the default: 'N'
[2024-03-08 02:47:44Z INFO Listener] Runner execution has finished with return code 0
